<?xml version="1.0" encoding="UTF-8"?>
<!-- Generated by org.testng.reporters.JUnitXMLReporter -->
<testsuite hostname="bogon" name="Default test" tests="11" failures="0" timestamp="5 Dec 2018 07:58:47 GMT" time="4.061" errors="0">
  <testcase name="f" time="1.155" classname="com.lemon.api.auto.testCase.AllTestCase"/>
  <testcase name="f" time="0.248" classname="com.lemon.api.auto.testCase.AllTestCase"/>
  <testcase name="f" time="0.251" classname="com.lemon.api.auto.testCase.AllTestCase"/>
  <testcase name="f" time="0.149" classname="com.lemon.api.auto.testCase.AllTestCase"/>
  <testcase name="f" time="0.142" classname="com.lemon.api.auto.testCase.AllTestCase"/>
  <testcase name="f" time="0.151" classname="com.lemon.api.auto.testCase.AllTestCase"/>
  <testcase name="f" time="0.138" classname="com.lemon.api.auto.testCase.AllTestCase"/>
  <testcase name="f" time="0.136" classname="com.lemon.api.auto.testCase.AllTestCase"/>
  <testcase name="f" time="0.158" classname="com.lemon.api.auto.testCase.AllTestCase"/>
  <testcase name="f" time="0.161" classname="com.lemon.api.auto.testCase.AllTestCase"/>
  <testcase name="f" time="0.17" classname="com.lemon.api.auto.testCase.AllTestCase"/>
</testsuite> <!-- Default test -->
